CRITICAL - 2023-09-26 00:34:46 --> include(include/add_songs.php): Failed to open stream: No such file or directory
in APPPATH\Views\main.php on line 6.
 1 APPPATH\Views\main.php(6): CodeIgniter\Debug\Exceptions->errorHandler(2, 'include(include/add_songs.php): Failed to open stream: No such file or directory', 'C:\\laragon\\www\\musika\\app\\Views\\main.php', 6)
 2 APPPATH\Views\main.php(6): include()
 3 SYSTEMPATH\View\View.php(226): include('C:\\laragon\\www\\musika\\app\\Views\\main.php')
 4 SYSTEMPATH\View\View.php(229): CodeIgniter\View\View->CodeIgniter\View\{closure}()
 5 SYSTEMPATH\Common.php(1188): CodeIgniter\View\View->render('main', [], true)
 6 APPPATH\Controllers\MusicController.php(36): view('main', [...])
 7 SYSTEMPATH\CodeIgniter.php(919): App\Controllers\MusicController->main()
 8 SYSTEMPATH\CodeIgniter.php(494): CodeIgniter\CodeIgniter->runController(Object(App\Controllers\MusicController))
 9 SYSTEMPATH\CodeIgniter.php(353): CodeIgniter\CodeIgniter->handleRequest(null, Object(Config\Cache), false)
10 FCPATH\index.php(79): CodeIgniter\CodeIgniter->run()
11 SYSTEMPATH\Commands\Server\rewrite.php(47): require_once('C:\\laragon\\www\\musika\\public\\index.php')
CRITICAL - 2023-09-26 00:38:07 --> include(include/addSongs.php): Failed to open stream: No such file or directory
in APPPATH\Views\main.php on line 6.
 1 APPPATH\Views\main.php(6): CodeIgniter\Debug\Exceptions->errorHandler(2, 'include(include/addSongs.php): Failed to open stream: No such file or directory', 'C:\\laragon\\www\\musika\\app\\Views\\main.php', 6)
 2 APPPATH\Views\main.php(6): include()
 3 SYSTEMPATH\View\View.php(226): include('C:\\laragon\\www\\musika\\app\\Views\\main.php')
 4 SYSTEMPATH\View\View.php(229): CodeIgniter\View\View->CodeIgniter\View\{closure}()
 5 SYSTEMPATH\Common.php(1188): CodeIgniter\View\View->render('main', [], true)
 6 APPPATH\Controllers\MusicController.php(36): view('main', [...])
 7 SYSTEMPATH\CodeIgniter.php(919): App\Controllers\MusicController->main()
 8 SYSTEMPATH\CodeIgniter.php(494): CodeIgniter\CodeIgniter->runController(Object(App\Controllers\MusicController))
 9 SYSTEMPATH\CodeIgniter.php(353): CodeIgniter\CodeIgniter->handleRequest(null, Object(Config\Cache), false)
10 FCPATH\index.php(79): CodeIgniter\CodeIgniter->run()
11 SYSTEMPATH\Commands\Server\rewrite.php(47): require_once('C:\\laragon\\www\\musika\\public\\index.php')
